Command: /home/st74/BIRD_1203022/./simv +TEST=invalid -l sim_cov_invalid.log
Chronologic VCS simulator copyright 1991-2022
Contains Synopsys proprietary information.
Compiler version T-2022.06-SP2_Full64; Runtime version T-2022.06-SP2_Full64;  Jun 16 11:25 2026
ssssssssssssssssss state moved to idle
ssssssssssssssssss state moved to idle
ssssssssssssssssss state moved to idle
ssssssssssssssssss state moved to idle
ssssssssssssssssss state moved to idle
ssssssssssssssssss state moved to idle
[TOP] Reset deasserted at time 45000
[DRV] Driver started at time 45000
[TOP] Selected TEST=invalid
[TEST] Starting bird_invalid_drop_test at 65000
[INVALID_SEQ] Sending invalid local bad FRAG_NUM
[INVALID_SEQ] invalid_local_bad_frag: remote=0 len=1 frag=2 seq=1 cfg=0x01020100 payload='{'h55}  crc=0xeba0
[INVALID_SEQ] Sending invalid reserved bits packet
[INVALID_SEQ] invalid_reserved_bits: remote=0 len=1 frag=1 seq=1 cfg=0x010101fe payload='{'h55}  crc=0xeba0
[INVALID_SEQ] Sending invalid remote SEQ_NUM zero
[INVALID_SEQ] invalid_remote_seq_zero: remote=1 len=1 frag=1 seq=0 cfg=0x00010101 payload='{'h55}  crc=0xeba0
[DRV] Driving invalid_local_bad_frag: remote=0 len=1 frag=2 seq=1 cfg=0x01020100 payload='{'h55}  crc=0xeba0
==================== Delete cur_frag_payload =========== idle state now
rx_drop ..........................
ssssssssssssssssss state moved to crc
               85000 .........................crc_left 2  entered state moved to crc eb
               95000 .........................crc_left 1  entered state moved to crc a0
ssssssssssssssssss state moved to idle
[IN_MON] INPUT_FRAGMENT: remote=0 len=1 frag=2 seq=1 cfg=0x01020100 payload='{'h55}  input_crc=0xeba0 time=75000..95000
[SB] Observed input fragment count = 1
[DRV] Driving invalid_reserved_bits: remote=0 len=1 frag=1 seq=1 cfg=0x010101fe payload='{'h55}  crc=0xeba0
==================== Delete cur_frag_payload =========== idle state now
rx_drop ..........................
ssssssssssssssssss state moved to crc
              125000 .........................crc_left 2  entered state moved to crc eb
              135000 .........................crc_left 1  entered state moved to crc a0
ssssssssssssssssss state moved to idle
[IN_MON] INPUT_FRAGMENT: remote=0 len=1 frag=1 seq=1 cfg=0x010101fe payload='{'h55}  input_crc=0xeba0 time=115000..135000
[SB] Observed input fragment count = 2
[DRV] Driving invalid_remote_seq_zero: remote=1 len=1 frag=1 seq=0 cfg=0x00010101 payload='{'h55}  crc=0xeba0
==================== Delete cur_frag_payload =========== idle state now
rx_drop ..........................
ssssssssssssssssss state moved to crc
              165000 .........................crc_left 2  entered state moved to crc eb
              175000 .........................crc_left 1  entered state moved to crc a0
ssssssssssssssssss state moved to idle
[IN_MON] INPUT_FRAGMENT: remote=1 len=1 frag=1 seq=0 cfg=0x00010101 payload='{'h55}  input_crc=0xeba0 time=155000..175000
[SB] Observed input fragment count = 3

================ BIRD STARTER SCOREBOARD REPORT ================
Input fragments observed : 3
Local bytes observed     : 0
Remote words observed    : 0
NOTE: This is a starter scoreboard only.
Next step: add real expected-vs-actual checking.
================================================================


================ BIRD FUNCTIONAL COVERAGE REPORT ================
Input samples      : 9
Local samples      : 0
Remote samples     : 0
Drop samples       : 151
Handshake samples  : 151
cg_input coverage      = 46.25%
cg_output coverage     = 0.00%
cg_drop coverage       = 50.00%
cg_handshake coverage  = 33.33%
Total functional cov   = 32.40%
=================================================================

[TEST] Finished bird_invalid_drop_test at 1555000
$finish called from file "tb/bird_tb_top.sv", line 120.
$finish at simulation time              1655000
           V C S   S i m u l a t i o n   R e p o r t 
Time: 1655000 ps
CPU Time:      0.340 seconds;       Data structure size:   0.0Mb
Tue Jun 16 11:25:28 2026
