Command: /home/st61/BIRD_1210607/./simv +TEST=remote -l remote.log
Chronologic VCS simulator copyright 1991-2022
Contains Synopsys proprietary information.
Compiler version T-2022.06-SP2_Full64; Runtime version T-2022.06-SP2_Full64;  Jun 17 16:43 2026
ssssssssssssssssss state moved to idle
ssssssssssssssssss state moved to idle
ssssssssssssssssss state moved to idle
ssssssssssssssssss state moved to idle
ssssssssssssssssss state moved to idle
ssssssssssssssssss state moved to idle
[TOP] Reset deasserted at time 45000
[DRV] Driver started at time 45000
[TOP] Selected TEST=remote
[TEST] Starting bird_remote_test at 65000
[REMOTE_SEQ] Sending remote fragment 1
[REMOTE_SEQ] remote_frag_1: remote=1 len=1 frag=1 seq=3 cfg=0x03010101 payload='{'ha1}  crc=0x443b
[REMOTE_SEQ] Sending remote fragment 2
[REMOTE_SEQ] remote_frag_2: remote=1 len=1 frag=2 seq=3 cfg=0x03020101 payload='{'hb2}  crc=0x6669
[DRV] Driving remote_frag_1: remote=1 len=1 frag=1 seq=3 cfg=0x03010101 payload='{'ha1}  crc=0x443b
==================== Delete cur_frag_payload =========== idle state now
ssssssssssssssssss state moved to crc
               85000 .........................crc_left 2  entered state moved to crc 44
               95000 .........................crc_left 1  entered state moved to crc 3b
no drop and is remote
inc_drop_cnt rx_seq 3 active_seq 0
ssssssssssssssssss state moved to idle
[IN_MON] INPUT_FRAGMENT: remote=1 len=1 frag=1 seq=3 cfg=0x03010101 payload='{'ha1}  input_crc=0x443b time=75000..95000
[SB] INPUT fragment 1: remote=1 cfg=0x03010101 len=1 frag=1 seq=3 crc=0x443b
[SB] Stored expected REMOTE fragment: seq=3 frag=1 len=1
[DRV] Driving remote_frag_2: remote=1 len=1 frag=2 seq=3 cfg=0x03020101 payload='{'hb2}  crc=0x6669
==================== Delete cur_frag_payload =========== idle state now
ssssssssssssssssss state moved to crc
              125000 .........................crc_left 2  entered state moved to crc 66
              135000 .........................crc_left 1  entered state moved to crc 69
no drop and is remote
inc_drop_cnt rx_seq 3 active_seq 0
ssssssssssssssssss state moved to idle
[IN_MON] INPUT_FRAGMENT: remote=1 len=1 frag=2 seq=3 cfg=0x03020101 payload='{'hb2}  input_crc=0x6669 time=115000..135000
[SB] INPUT fragment 2: remote=1 cfg=0x03020101 len=1 frag=2 seq=3 crc=0x6669
[SB] Stored expected REMOTE fragment: seq=3 frag=2 len=1
[SB] Expected REMOTE packet finalized: seq=3 fragments=2 merged_len=2 crc=0xb4d9 expected_words=2
Error: "tb/bird_scoreboard.sv", 111: bird_pkg::\bird_scoreboard::sb_error : at time 2055000 ps
[SB][ERROR] REMOTE size mismatch: expected_words=2 got_words=0

==================== BIRD SCOREBOARD REPORT ====================
Input fragments observed      : 2
Valid local fragments         : 0
Valid remote fragments        : 2
Invalid fragments expected drop: 0
Expected drop count events    : 0

Expected local bytes          : 0
Observed local bytes          : 0
Checked local bytes           : 0

Expected remote words         : 2
Observed remote words         : 0
Checked remote words          : 0

Warnings                      : 0
Errors                        : 1
SCOREBOARD RESULT             : FAIL
================================================================


================ BIRD FUNCTIONAL COVERAGE REPORT ================
Input samples      : 6
Local samples      : 0
Remote samples     : 0
Drop samples       : 201
Handshake samples  : 201
cg_input coverage      = 30.00%
cg_output coverage     = 0.00%
cg_drop coverage       = 50.00%
cg_handshake coverage  = 33.33%
Total functional cov   = 28.33%
=================================================================

[TEST] Finished bird_remote_test at 2055000
$finish called from file "tb/bird_tb_top.sv", line 120.
$finish at simulation time              2155000
           V C S   S i m u l a t i o n   R e p o r t 
Time: 2155000 ps
CPU Time:      0.350 seconds;       Data structure size:   0.1Mb
Wed Jun 17 16:43:51 2026
