Command: /home/st61/BIRD_1210607/./simv +TEST=reset -l reset.log
Chronologic VCS simulator copyright 1991-2022
Contains Synopsys proprietary information.
Compiler version T-2022.06-SP2_Full64; Runtime version T-2022.06-SP2_Full64;  Jun 17 16:43 2026
ssssssssssssssssss state moved to idle
ssssssssssssssssss state moved to idle
ssssssssssssssssss state moved to idle
ssssssssssssssssss state moved to idle
ssssssssssssssssss state moved to idle
ssssssssssssssssss state moved to idle
[TOP] Reset deasserted at time 45000
[DRV] Driver started at time 45000
[TOP] Selected TEST=reset
[TEST] Starting bird_reset_test at 65000
[TEST] Send packet before reset
[LOCAL_SEQ] Sending local packet 0
[LOCAL_SEQ] local_seq_pkt_0: remote=0 len=1 frag=1 seq=1 cfg=0x01010100 payload='{'h10}  crc=0xf3c1
[DRV] Driving local_seq_pkt_0: remote=0 len=1 frag=1 seq=1 cfg=0x01010100 payload='{'h10}  crc=0xf3c1
==================== Delete cur_frag_payload =========== idle state now
push new local pkt first byte 10
ssssssssssssssssss state moved to crc
               85000 .........................crc_left 2  entered state moved to crc f3
push crc byte f3
               95000 .........................crc_left 1  entered state moved to crc c1
push crc byte c1
ssssssssssssssssss state moved to idle
[IN_MON] INPUT_FRAGMENT: remote=0 len=1 frag=1 seq=1 cfg=0x01010100 payload='{'h10}  input_crc=0xf3c1 time=75000..95000
[LOCAL_MON] LOCAL_OUT: byte=0x10 drop_cnt=0 time=95000
[SB] INPUT fragment 1: remote=0 cfg=0x01010100 len=1 frag=1 seq=1 crc=0xf3c1
[SB] Expected LOCAL packet added: payload_len=1 total_expected_local_bytes=3
[SB] Got LOCAL byte 1 = 0x10
[LOCAL_MON] LOCAL_OUT: byte=0xf3 drop_cnt=0 time=105000
[SB] Got LOCAL byte 2 = 0xf3
[LOCAL_MON] LOCAL_OUT: byte=0xc1 drop_cnt=0 time=115000
[SB] Got LOCAL byte 3 = 0xc1
[RESET_SEQ] Applying reset at time 455000
ssssssssssssssssss state moved to idle
ssssssssssssssssss state moved to idle
ssssssssssssssssss state moved to idle
ssssssssssssssssss state moved to idle
ssssssssssssssssss state moved to idle
ssssssssssssssssss state moved to idle
[RESET_SEQ] Reset released at time 525000
[TEST] Send packet after reset
[LOCAL_SEQ] Sending local packet 0
[LOCAL_SEQ] local_seq_pkt_0: remote=0 len=1 frag=1 seq=1 cfg=0x01010100 payload='{'h10}  crc=0xf3c1
[DRV] Driving local_seq_pkt_0: remote=0 len=1 frag=1 seq=1 cfg=0x01010100 payload='{'h10}  crc=0xf3c1
==================== Delete cur_frag_payload =========== idle state now
push new local pkt first byte 10
ssssssssssssssssss state moved to crc
              545000 .........................crc_left 2  entered state moved to crc f3
push crc byte f3
              555000 .........................crc_left 1  entered state moved to crc c1
push crc byte c1
ssssssssssssssssss state moved to idle
[IN_MON] INPUT_FRAGMENT: remote=0 len=1 frag=1 seq=1 cfg=0x01010100 payload='{'h10}  input_crc=0xf3c1 time=535000..555000
[LOCAL_MON] LOCAL_OUT: byte=0x10 drop_cnt=0 time=555000
[SB] INPUT fragment 2: remote=0 cfg=0x01010100 len=1 frag=1 seq=1 crc=0xf3c1
[SB] Expected LOCAL packet added: payload_len=1 total_expected_local_bytes=6
[SB] Got LOCAL byte 4 = 0x10
[LOCAL_MON] LOCAL_OUT: byte=0xf3 drop_cnt=0 time=565000
[SB] Got LOCAL byte 5 = 0xf3
[LOCAL_MON] LOCAL_OUT: byte=0xc1 drop_cnt=0 time=575000
[SB] Got LOCAL byte 6 = 0xc1

==================== BIRD SCOREBOARD REPORT ====================
Input fragments observed      : 2
Valid local fragments         : 2
Valid remote fragments        : 0
Invalid fragments expected drop: 0
Expected drop count events    : 0

Expected local bytes          : 6
Observed local bytes          : 6
Checked local bytes           : 6

Expected remote words         : 0
Observed remote words         : 0
Checked remote words          : 0

Warnings                      : 0
Errors                        : 0
SCOREBOARD RESULT             : PASS
================================================================


================ BIRD FUNCTIONAL COVERAGE REPORT ================
Input samples      : 6
Local samples      : 6
Remote samples     : 0
Drop samples       : 142
Handshake samples  : 142
cg_input coverage      = 23.75%
cg_output coverage     = 41.67%
cg_drop coverage       = 25.00%
cg_handshake coverage  = 41.67%
Total functional cov   = 33.02%
=================================================================

[TEST] Finished bird_reset_test at 1515000
$finish called from file "tb/bird_tb_top.sv", line 120.
$finish at simulation time              1615000
           V C S   S i m u l a t i o n   R e p o r t 
Time: 1615000 ps
CPU Time:      0.380 seconds;       Data structure size:   0.1Mb
Wed Jun 17 16:43:53 2026
